<?xml version="1.0" encoding="UTF-8"?>
<!-- Generated by org.testng.reporters.JUnitXMLReporter -->
<testsuite hostname="abc-X551MA" ignored="0" name="Default test" tests="5" failures="0" timestamp="18 Jan 2018 12:38:08 GMT" time="55.373" errors="0">
  <testcase name="BrowserHelperTest" time="54.379" classname="com.selenium.HybridFramework.TestBase.RegTEST"/>
  <testcase name="bbn" time="0.199" classname="com.selenium.HybridFramework.TestBase.RegTEST"/>
  <testcase name="doRegisterTest" time="0.097" classname="com.selenium.HybridFramework.TestBase.RegTEST"/>
  <testcase name="newtest" time="0.104" classname="com.selenium.HybridFramework.TestBase.RegTEST"/>
  <testcase name="voidbn" time="0.071" classname="com.selenium.HybridFramework.TestBase.RegTEST"/>
</testsuite> <!-- Default test -->
