<?xml version="1.0" encoding="UTF-8"?>
<!-- Generated by org.testng.reporters.JUnitXMLReporter -->
<testsuite hostname="era-PC" ignored="0" name="Default test" tests="4" failures="0" timestamp="19 Feb 2018 00:36:23 GMT" time="154.873" errors="0">
  <testcase name="GetURL" time="21.502" classname="TopIMDB250.Top250Test"/>
  <testcase name="NavigateInIMDB" time="6.764" classname="TopIMDB250.Top250Test"/>
  <testcase name="FetchData" time="121.915" classname="TopIMDB250.Top250Test"/>
  <testcase name="CreateFile" time="3.031" classname="TopIMDB250.Top250Test"/>
</testsuite> <!-- Default test -->
