<?xml version="1.0" encoding="UTF-8"?>
<testng-results skipped="0" failed="1" ignored="0" total="5" passed="4">
  <reporter-output>
  </reporter-output>
  <suite name="Default suite" duration-ms="13290" started-at="2018-01-11T05:06:45Z" finished-at="2018-01-11T05:06:58Z">
    <groups>
    </groups>
    <test name="Default test" duration-ms="13290" started-at="2018-01-11T05:06:45Z" finished-at="2018-01-11T05:06:58Z">
      <class name="com.selenium.HybridFramework.TestBase.RegTEST">
        <test-method status="FAIL" signature="BrowserHelperTest()[pri:0, instance:com.selenium.HybridFramework.TestBase.RegTEST@2b4a2ec7]" name="BrowserHelperTest" duration-ms="11906" started-at="2018-01-11T10:36:45Z" finished-at="2018-01-11T10:36:57Z">
          <exception class="org.openqa.selenium.WebDriverException">
            <message>
              <![CDATA[unknown error: Runtime.executionContextCreated has invalid 'context': {"auxData":{"frameId":"(AB42BBA4D45AC1FCD8B9EFB2466DF1EC)","isDefault":true},"id":1,"name":"","origin":"://"}
  (Session info: chrome=63.0.3239.132)
  (Driver info: chromedriver=2.9.248315,platform=Windows NT 6.1 SP1 x86_64) (WARNING: The server did not provide any stacktrace information)
Command duration or timeout: 1.79 seconds
Build info: version: '3.0.1', revision: '1969d75', time: '2016-10-18 09:49:13 -0700'
System info: host: 'era-PC', ip: '192.168.1.40', os.name: 'Windows 7', os.arch: 'amd64', os.version: '6.1', java.version: '1.8.0_151'
Driver info: org.openqa.selenium.chrome.ChromeDriver
Capabilities [{applicationCacheEnabled=false, rotatable=false, chrome={userDataDir=C:\Users\era\AppData\Local\Temp\scoped_dir2828_13128}, takesHeapSnapshot=true, databaseEnabled=false, handlesAlerts=true, version=63.0.3239.132, platform=XP, browserConnectionEnabled=false, nativeEvents=true, acceptSslCerts=true, locationContextEnabled=true, webStorageEnabled=true, browserName=chrome, takesScreenshot=true, javascriptEnabled=true, cssSelectorsEnabled=true}]
Session ID: cd17cf13399036b1a66c61cefb038fef]]>
            </message>
            <full-stacktrace>
              <![CDATA[org.openqa.selenium.WebDriverException: unknown error: Runtime.executionContextCreated has invalid 'context': {"auxData":{"frameId":"(AB42BBA4D45AC1FCD8B9EFB2466DF1EC)","isDefault":true},"id":1,"name":"","origin":"://"}
  (Session info: chrome=63.0.3239.132)
  (Driver info: chromedriver=2.9.248315,platform=Windows NT 6.1 SP1 x86_64) (WARNING: The server did not provide any stacktrace information)
Command duration or timeout: 1.79 seconds
Build info: version: '3.0.1', revision: '1969d75', time: '2016-10-18 09:49:13 -0700'
System info: host: 'era-PC', ip: '192.168.1.40', os.name: 'Windows 7', os.arch: 'amd64', os.version: '6.1', java.version: '1.8.0_151'
Driver info: org.openqa.selenium.chrome.ChromeDriver
Capabilities [{applicationCacheEnabled=false, rotatable=false, chrome={userDataDir=C:\Users\era\AppData\Local\Temp\scoped_dir2828_13128}, takesHeapSnapshot=true, databaseEnabled=false, handlesAlerts=true, version=63.0.3239.132, platform=XP, browserConnectionEnabled=false, nativeEvents=true, acceptSslCerts=true, locationContextEnabled=true, webStorageEnabled=true, browserName=chrome, takesScreenshot=true, javascriptEnabled=true, cssSelectorsEnabled=true}]
Session ID: cd17cf13399036b1a66c61cefb038fef
	at sun.reflect.NativeConstructorAccessorImpl.newInstance0(Native Method)
	at sun.reflect.NativeConstructorAccessorImpl.newInstance(Unknown Source)
	at sun.reflect.DelegatingConstructorAccessorImpl.newInstance(Unknown Source)
	at java.lang.reflect.Constructor.newInstance(Unknown Source)
	at org.openqa.selenium.remote.ErrorHandler.createThrowable(ErrorHandler.java:216)
	at org.openqa.selenium.remote.ErrorHandler.throwIfResponseFailed(ErrorHandler.java:168)
	at org.openqa.selenium.remote.RemoteWebDriver.execute(RemoteWebDriver.java:635)
	at org.openqa.selenium.remote.RemoteWebDriver.get(RemoteWebDriver.java:322)
	at com.selenium.HybridFramework.TestBase.RegTEST.BrowserHelperTest(RegTEST.java:79)
	at sun.reflect.NativeMethodAccessorImpl.invoke0(Native Method)
	at sun.reflect.NativeMethodAccessorImpl.invoke(Unknown Source)
	at sun.reflect.DelegatingMethodAccessorImpl.invoke(Unknown Source)
	at java.lang.reflect.Method.invoke(Unknown Source)
	at org.testng.internal.MethodInvocationHelper.invokeMethod(MethodInvocationHelper.java:108)
	at org.testng.internal.Invoker.invokeMethod(Invoker.java:669)
	at org.testng.internal.Invoker.invokeTestMethod(Invoker.java:877)
	at org.testng.internal.Invoker.invokeTestMethods(Invoker.java:1201)
	at org.testng.internal.TestMethodWorker.invokeTestMethods(TestMethodWorker.java:125)
	at org.testng.internal.TestMethodWorker.run(TestMethodWorker.java:109)
	at org.testng.TestRunner.privateRun(TestRunner.java:776)
	at org.testng.TestRunner.run(TestRunner.java:634)
	at org.testng.SuiteRunner.runTest(SuiteRunner.java:425)
	at org.testng.SuiteRunner.runSequentially(SuiteRunner.java:420)
	at org.testng.SuiteRunner.privateRun(SuiteRunner.java:385)
	at org.testng.SuiteRunner.run(SuiteRunner.java:334)
	at org.testng.SuiteRunnerWorker.runSuite(SuiteRunnerWorker.java:52)
	at org.testng.SuiteRunnerWorker.run(SuiteRunnerWorker.java:86)
	at org.testng.TestNG.runSuitesSequentially(TestNG.java:1318)
	at org.testng.TestNG.runSuitesLocally(TestNG.java:1243)
	at org.testng.TestNG.runSuites(TestNG.java:1161)
	at org.testng.TestNG.run(TestNG.java:1129)
	at org.testng.remote.AbstractRemoteTestNG.run(AbstractRemoteTestNG.java:114)
	at org.testng.remote.RemoteTestNG.initAndRun(RemoteTestNG.java:251)
	at org.testng.remote.RemoteTestNG.main(RemoteTestNG.java:77)
]]>
            </full-stacktrace>
          </exception> <!-- org.openqa.selenium.WebDriverException -->
          <reporter-output>
          </reporter-output>
        </test-method> <!-- BrowserHelperTest -->
        <test-method status="PASS" signature="quit()[pri:0, instance:com.selenium.HybridFramework.TestBase.RegTEST@2b4a2ec7]" name="quit" is-config="true" duration-ms="683" started-at="2018-01-11T10:36:57Z" finished-at="2018-01-11T10:36:57Z">
          <reporter-output>
          </reporter-output>
        </test-method> <!-- quit -->
        <test-method status="PASS" signature="bbn()[pri:0, instance:com.selenium.HybridFramework.TestBase.RegTEST@2b4a2ec7]" name="bbn" duration-ms="110" started-at="2018-01-11T10:36:57Z" finished-at="2018-01-11T10:36:58Z">
          <reporter-output>
          </reporter-output>
        </test-method> <!-- bbn -->
        <test-method status="PASS" signature="quit()[pri:0, instance:com.selenium.HybridFramework.TestBase.RegTEST@2b4a2ec7]" name="quit" is-config="true" duration-ms="78" started-at="2018-01-11T10:36:58Z" finished-at="2018-01-11T10:36:58Z">
          <reporter-output>
          </reporter-output>
        </test-method> <!-- quit -->
        <test-method status="PASS" signature="doRegisterTest()[pri:0, instance:com.selenium.HybridFramework.TestBase.RegTEST@2b4a2ec7]" name="doRegisterTest" duration-ms="79" started-at="2018-01-11T10:36:58Z" finished-at="2018-01-11T10:36:58Z">
          <reporter-output>
          </reporter-output>
        </test-method> <!-- doRegisterTest -->
        <test-method status="PASS" signature="quit()[pri:0, instance:com.selenium.HybridFramework.TestBase.RegTEST@2b4a2ec7]" name="quit" is-config="true" duration-ms="93" started-at="2018-01-11T10:36:58Z" finished-at="2018-01-11T10:36:58Z">
          <reporter-output>
          </reporter-output>
        </test-method> <!-- quit -->
        <test-method status="PASS" signature="newtest()[pri:0, instance:com.selenium.HybridFramework.TestBase.RegTEST@2b4a2ec7]" name="newtest" duration-ms="78" started-at="2018-01-11T10:36:58Z" finished-at="2018-01-11T10:36:58Z">
          <reporter-output>
          </reporter-output>
        </test-method> <!-- newtest -->
        <test-method status="PASS" signature="quit()[pri:0, instance:com.selenium.HybridFramework.TestBase.RegTEST@2b4a2ec7]" name="quit" is-config="true" duration-ms="63" started-at="2018-01-11T10:36:58Z" finished-at="2018-01-11T10:36:58Z">
          <reporter-output>
          </reporter-output>
        </test-method> <!-- quit -->
        <test-method status="PASS" signature="voidbn()[pri:0, instance:com.selenium.HybridFramework.TestBase.RegTEST@2b4a2ec7]" name="voidbn" duration-ms="78" started-at="2018-01-11T10:36:58Z" finished-at="2018-01-11T10:36:58Z">
          <reporter-output>
          </reporter-output>
        </test-method> <!-- voidbn -->
        <test-method status="PASS" signature="quit()[pri:0, instance:com.selenium.HybridFramework.TestBase.RegTEST@2b4a2ec7]" name="quit" is-config="true" duration-ms="62" started-at="2018-01-11T10:36:58Z" finished-at="2018-01-11T10:36:58Z">
          <reporter-output>
          </reporter-output>
        </test-method> <!-- quit -->
      </class> <!-- com.selenium.HybridFramework.TestBase.RegTEST -->
    </test> <!-- Default test -->
  </suite> <!-- Default suite -->
</testng-results>
